<?xml version="1.0" encoding="UTF-8"?>
<testng-results skipped="0" failed="0" ignored="0" total="0" passed="0">
  <reporter-output>
  </reporter-output>
  <suite name="com.samplesite.SampleProject01.AppTest" duration-ms="4" started-at="2017-09-28T17:12:41Z" finished-at="2017-09-28T17:12:41Z">
    <groups>
    </groups>
    <test name="Command line test" duration-ms="4" started-at="2017-09-28T17:12:41Z" finished-at="2017-09-28T17:12:41Z">
    </test> <!-- Command line test -->
  </suite> <!-- com.samplesite.SampleProject01.AppTest -->
</testng-results>
